18:15:24 21.10.2022 IN > SR started OUT > REQUEST
18:15:25 21.10.2022 IN > {"result":"-1","type":"state","dev":"modem1","card":"1"} OUT > REQUEST
18:15:41 21.10.2022 [CRON:2] Model >> SR-Organizer-Smart
18:15:41 21.10.2022 [CRON:2] SMART
18:15:41 21.10.2022 [sr_command_smart:2] Command:.answer.clear:sign=test
18:15:41 21.10.2022 [sr_command_smart:2] Next
18:15:45 21.10.2022 IN > {"result":"-1","type":"state","dev":"modem3","card":"1"} OUT > REQUEST
18:15:46 21.10.2022 IN > {"result":"1","type":"state","dev":"modem2","card":"1","iccid":"8970199200434265321f","network":"Bee Line GSM","operator":"Beeline"} OUT > REQUEST
18:15:47 21.10.2022 IN > {"result":"1","type":"state","dev":"modem1","card":"1","iccid":"897010269784889105ff","network":"MegaFon","operator":"MegaFon"} OUT > REQUEST
18:15:48 21.10.2022 IN > {"result":"1","type":"state","dev":"modem3","card":"1","iccid":"897010269784888578ff","network":"MegaFon","operator":"MegaFon"} OUT > REQUEST
18:15:51 21.10.2022 [sr_command_smart:2] .answer.clear:sign=test
18:15:52 21.10.2022 [CRON:2] Model >> SR-Organizer-Smart
18:15:52 21.10.2022 [CRON:2] SMART
18:15:52 21.10.2022 [sr_command_smart:2] Command:.answer.clear:sign=test
18:15:52 21.10.2022 [sr_command_smart:2] Next
18:15:52 21.10.2022 [sr_command_smart:2] .answer.clear:sign=test
18:15:52 21.10.2022 [sr_command_smart:2] .answer.clear:sign=test
18:16:01 21.10.2022 IN > {"result":"Мой основной номер: 9263630348","type":"alert","dev":"modem3","event":"ussd"} OUT > .answer.clear:sign=test
18:16:02 21.10.2022 IN > {"result":"1","sign":"test"} OUT > .answer.clear:sign=test
18:16:03 21.10.2022 IN > {"result":"1","sign":"test"} OUT > REQUEST
18:16:04 21.10.2022 IN > REQUEST OUT > REQUEST
18:16:08 21.10.2022 IN > REQUEST OUT > REQUEST
18:16:12 21.10.2022 IN > REQUEST OUT > REQUEST
18:16:16 21.10.2022 IN > REQUEST OUT > REQUEST
18:16:20 21.10.2022 IN > REQUEST OUT > REQUEST
18:16:22 21.10.2022 [CRON:2] The device does not respond! [smart]
18:16:24 21.10.2022 IN > REQUEST OUT > REQUEST
18:16:26 21.10.2022 [CRON:2] Model >> SR-Organizer-Smart
18:16:26 21.10.2022 [CRON:2] SMART
18:16:26 21.10.2022 [sr_command_smart:2] Command:.answer.clear:sign=test
18:16:26 21.10.2022 [sr_command_smart:2] Next
18:16:26 21.10.2022 [sr_command_smart:2] .answer.clear:sign=test
18:16:28 21.10.2022 IN > REQUEST OUT > .answer.clear:sign=test
18:16:29 21.10.2022 IN > {"result":"1","sign":"test"} OUT > REQUEST
18:16:30 21.10.2022 IN > REQUEST OUT > REQUEST
18:16:46 21.10.2022 IN > REQUEST OUT > REQUEST
18:16:56 21.10.2022 [CRON:2] The device does not respond! [smart]
18:16:56 21.10.2022 [CRON:2] Model >> SR-Organizer-Smart
18:16:56 21.10.2022 [CRON:2] SMART
18:16:56 21.10.2022 [sr_command_smart:2] Command:.answer.clear:sign=test
18:16:56 21.10.2022 [sr_command_smart:2] Next
18:16:56 21.10.2022 [sr_command_smart:2] .answer.clear:sign=test
18:16:56 21.10.2022 IN > REQUEST OUT > .answer.clear:sign=test
18:16:57 21.10.2022 IN > {"result":"1","sign":"test"} OUT > REQUEST
18:17:13 21.10.2022 IN > REQUEST OUT > REQUEST
18:17:17 21.10.2022 IN > REQUEST OUT > REQUEST
18:17:21 21.10.2022 IN > REQUEST OUT > REQUEST
18:17:25 21.10.2022 IN > REQUEST OUT > REQUEST
18:17:26 21.10.2022 [CRON:2] The device does not respond! [smart]
18:17:26 21.10.2022 [CRON:2] Model >> SR-Organizer-Smart
18:17:26 21.10.2022 [CRON:2] SMART
18:17:26 21.10.2022 [sr_command_smart:2] Command:.answer.clear:sign=test
18:17:26 21.10.2022 [sr_command_smart:2] Next
18:17:26 21.10.2022 [sr_command_smart:2] .answer.clear:sign=test
18:17:29 21.10.2022 IN > REQUEST OUT > .answer.clear:sign=test
18:17:48 21.10.2022 IN > REQUEST OUT > REQUEST
18:17:56 21.10.2022 [CRON:2] The device does not respond! [smart]
18:17:56 21.10.2022 [CRON:2] Model >> SR-Organizer-Smart
18:17:56 21.10.2022 [CRON:2] SMART
18:17:56 21.10.2022 [sr_command_smart:2] Command:.answer.clear:sign=test
18:17:56 21.10.2022 [sr_command_smart:2] Next
18:17:56 21.10.2022 [sr_command_smart:2] .answer.clear:sign=test
18:18:10 21.10.2022 IN > REQUEST OUT > .answer.clear:sign=test
18:18:11 21.10.2022 IN > {"result":"1","sign":"test"} OUT > REQUEST
18:18:12 21.10.2022 IN > REQUEST OUT > REQUEST
18:18:16 21.10.2022 IN > REQUEST OUT > REQUEST
18:18:20 21.10.2022 IN > REQUEST OUT > REQUEST
18:18:24 21.10.2022 IN > REQUEST OUT > REQUEST
18:18:26 21.10.2022 [CRON:2] The device does not respond! [smart]
18:18:26 21.10.2022 [CRON:2] Model >> SR-Organizer-Smart
18:18:26 21.10.2022 [CRON:2] SMART
18:18:26 21.10.2022 [sr_command_smart:2] Command:.answer.clear:sign=test
18:18:26 21.10.2022 [sr_command_smart:2] Next
18:18:26 21.10.2022 [sr_command_smart:2] .answer.clear:sign=test
18:18:28 21.10.2022 IN > REQUEST OUT > .answer.clear:sign=test
18:18:29 21.10.2022 IN > {"result":"1","sign":"test"} OUT > REQUEST
18:18:31 21.10.2022 IN > REQUEST OUT > REQUEST
18:18:35 21.10.2022 IN > REQUEST OUT > REQUEST
18:18:39 21.10.2022 IN > REQUEST OUT > REQUEST
18:18:43 21.10.2022 IN > REQUEST OUT > REQUEST
18:18:47 21.10.2022 IN > REQUEST OUT > REQUEST
18:18:56 21.10.2022 [CRON:2] The device does not respond! [smart]
18:18:56 21.10.2022 [CRON:2] Model >> SR-Organizer-Smart
18:18:56 21.10.2022 [CRON:2] SMART
18:18:56 21.10.2022 [sr_command_smart:2] Command:.answer.clear:sign=test
18:18:56 21.10.2022 [sr_command_smart:2] Next
18:18:56 21.10.2022 [sr_command_smart:2] .answer.clear:sign=test
18:19:21 21.10.2022 IN > REQUEST OUT > .answer.clear:sign=test
18:19:22 21.10.2022 IN > {"result":"1","sign":"test"} OUT > REQUEST
18:19:26 21.10.2022 [CRON:2] The device does not respond! [smart]
18:19:26 21.10.2022 [CRON:2] Model >> SR-Organizer-Smart
18:19:26 21.10.2022 [CRON:2] SMART
18:19:26 21.10.2022 [sr_command_smart:2] Command:.answer.clear:sign=test
18:19:26 21.10.2022 [sr_command_smart:2] Next
18:19:26 21.10.2022 [sr_command_smart:2] .answer.clear:sign=test
18:19:29 21.10.2022 IN > REQUEST OUT > .answer.clear:sign=test
18:19:33 21.10.2022 IN > {"result":"1","sign":"test"} OUT > REQUEST
18:19:34 21.10.2022 IN > REQUEST OUT > REQUEST
18:19:38 21.10.2022 IN > REQUEST OUT > REQUEST
18:19:42 21.10.2022 IN > REQUEST OUT > REQUEST
18:19:46 21.10.2022 IN > REQUEST OUT > REQUEST
18:19:50 21.10.2022 IN > REQUEST OUT > REQUEST
18:19:54 21.10.2022 IN > REQUEST OUT > REQUEST
18:19:56 21.10.2022 [CRON:2] The device does not respond! [smart]
18:19:58 21.10.2022 IN > REQUEST OUT > REQUEST
18:20:02 21.10.2022 [CRON:2] Model >> SR-Organizer-Smart
18:20:02 21.10.2022 [CRON:2] SMART
18:20:02 21.10.2022 [sr_command_smart:2] Command:.answer.clear:sign=test
18:20:02 21.10.2022 [sr_command_smart:2] Next
18:20:02 21.10.2022 [sr_command_smart:2] .answer.clear:sign=test
18:20:02 21.10.2022 IN > REQUEST OUT > .answer.clear:sign=test
18:20:12 21.10.2022 IN > {"result":"1","sign":"test"} OUT > REQUEST
18:20:13 21.10.2022 IN > REQUEST OUT > REQUEST
18:20:17 21.10.2022 IN > REQUEST OUT > REQUEST
18:20:30 21.10.2022 IN > REQUEST OUT > REQUEST
18:20:32 21.10.2022 [CRON:2] The device does not respond! [smart]
18:20:32 21.10.2022 [CRON:2] Model >> SR-Organizer-Smart
18:20:32 21.10.2022 [CRON:2] SMART
18:20:32 21.10.2022 [sr_command_smart:2] Command:.answer.clear:sign=test
18:20:32 21.10.2022 [sr_command_smart:2] Next
18:20:32 21.10.2022 [sr_command_smart:2] .answer.clear:sign=test
18:20:34 21.10.2022 IN > REQUEST OUT > .answer.clear:sign=test
18:20:38 21.10.2022 IN > {"result":"1","sign":"test"} OUT > REQUEST
18:20:39 21.10.2022 IN > REQUEST OUT > REQUEST
18:21:01 21.10.2022 IN > REQUEST OUT > REQUEST
18:21:02 21.10.2022 [CRON:2] The device does not respond! [smart]
18:21:05 21.10.2022 IN > REQUEST OUT > REQUEST
18:21:06 21.10.2022 [CRON:2] Model >> SR-Organizer-Smart
18:21:06 21.10.2022 [CRON:2] SMART
18:21:06 21.10.2022 [sr_command_smart:2] Command:.answer.clear:sign=test
18:21:06 21.10.2022 [sr_command_smart:2] Next
18:21:06 21.10.2022 [sr_command_smart:2] .answer.clear:sign=test
18:21:09 21.10.2022 IN > REQUEST OUT > .answer.clear:sign=test
18:21:10 21.10.2022 IN > {"result":"1","sign":"test"} OUT > REQUEST
18:21:11 21.10.2022 IN > REQUEST OUT > REQUEST
18:21:15 21.10.2022 IN > REQUEST OUT > REQUEST
18:21:36 21.10.2022 [CRON:2] The device does not respond! [smart]
