17:33:36 21.10.2022 [CRON] Start
17:33:36 21.10.2022 [CRON] Finish
17:33:41 21.10.2022 [CRON] Start
17:33:41 21.10.2022 [CRON] Finish
17:33:46 21.10.2022 [CRON] Start
17:33:46 21.10.2022 [CRON] Finish
17:33:51 21.10.2022 [CRON] Start
17:33:51 21.10.2022 [CRON] Finish
17:33:56 21.10.2022 [CRON] Start
17:33:56 21.10.2022 [CRON] Finish
17:33:57 21.10.2022 [online_mode:1] Monitoring the connection to the cellular network
17:34:01 21.10.2022 [CRON] Start
17:34:01 21.10.2022 [CRON] Finish
17:34:06 21.10.2022 [CRON] Start
17:34:06 21.10.2022 [CRON] Finish
17:34:08 21.10.2022 [online_mode:1] Restarting the modem: 2;
17:34:08 21.10.2022 [online_mode:1] Error receiving SMS!
17:34:08 21.10.2022 [online_mode:1] Errors: 2;
17:34:11 21.10.2022 [CRON] Start
17:34:11 21.10.2022 [CRON] Finish
17:34:16 21.10.2022 [CRON] Start
17:34:16 21.10.2022 [CRON] Finish
17:34:21 21.10.2022 [CRON] Start
17:34:21 21.10.2022 [CRON] Finish
17:34:26 21.10.2022 [CRON] Start
17:34:26 21.10.2022 [CRON] Finish
17:34:31 21.10.2022 [CRON] Start
17:34:31 21.10.2022 [CRON] Finish
17:34:36 21.10.2022 [CRON] Start
17:34:36 21.10.2022 [CRON] Finish
17:34:39 21.10.2022 [online_mode:1] Error receiving SMS!
17:34:41 21.10.2022 [CRON] Start
17:34:41 21.10.2022 [CRON] Finish
17:34:46 21.10.2022 [CRON] Start
17:34:46 21.10.2022 [CRON] Finish
17:34:50 21.10.2022 [online_mode:1] Monitoring the connection to the cellular network
17:34:51 21.10.2022 [CRON] Start
17:34:51 21.10.2022 [CRON] Finish
17:34:56 21.10.2022 [CRON] Start
17:34:56 21.10.2022 [CRON] Finish
17:35:01 21.10.2022 [online_mode:1] Restarting the modem: 2;
17:35:01 21.10.2022 [online_mode:1] Error receiving SMS!
17:35:01 21.10.2022 [online_mode:1] Errors: 2;
17:35:01 21.10.2022 [CRON] Start
17:35:01 21.10.2022 [CRON] Finish
17:35:06 21.10.2022 [CRON] Start
17:35:06 21.10.2022 [CRON] Finish
17:35:11 21.10.2022 [CRON] Start
17:35:11 21.10.2022 [CRON] Finish
17:35:16 21.10.2022 [CRON] Start
17:35:16 21.10.2022 [CRON] Finish
17:35:21 21.10.2022 [CRON] Start
17:35:21 21.10.2022 [CRON] Finish
17:35:26 21.10.2022 [online_mode:1] Error receiving SMS!
17:35:26 21.10.2022 [CRON] Start
17:35:26 21.10.2022 [CRON] Finish
17:35:31 21.10.2022 [CRON] Start
17:35:31 21.10.2022 [CRON] Finish
17:35:36 21.10.2022 [online_mode:1] Monitoring the connection to the cellular network
17:35:36 21.10.2022 [CRON] Start
17:35:36 21.10.2022 [CRON] Finish
17:35:41 21.10.2022 [CRON] Start
17:35:41 21.10.2022 [CRON] Finish
17:35:46 21.10.2022 [CRON] Start
17:35:46 21.10.2022 [CRON] Finish
17:35:47 21.10.2022 [online_mode:1] Error receiving SMS!
17:35:51 21.10.2022 [CRON] Start
17:35:51 21.10.2022 [CRON] Finish
17:35:56 21.10.2022 [CRON] Start
17:35:56 21.10.2022 [CRON] Finish
17:35:57 21.10.2022 [online_mode:1] Error receiving SMS!
17:36:02 21.10.2022 [CRON] Start
17:36:02 21.10.2022 [CRON] Finish
17:36:07 21.10.2022 [CRON] Start
17:36:07 21.10.2022 [CRON] Finish
17:36:08 21.10.2022 [online_mode:1] Monitoring the connection to the cellular network
17:36:12 21.10.2022 [CRON] Start
17:36:12 21.10.2022 [CRON] Finish
17:36:17 21.10.2022 [CRON] Start
17:36:17 21.10.2022 [CRON] Finish
17:36:20 21.10.2022 [online_mode:1] Restarting the modem: 2;
17:36:20 21.10.2022 [online_mode:1] Error receiving SMS!
17:36:20 21.10.2022 [online_mode:1] Errors: 2;
17:36:22 21.10.2022 [CRON] Start
17:36:22 21.10.2022 [CRON] Finish
17:36:27 21.10.2022 [CRON] Start
17:36:27 21.10.2022 [CRON] Finish
17:36:32 21.10.2022 [CRON] Start
17:36:32 21.10.2022 [CRON] Finish
17:36:52 21.10.2022 [CRON] Start
17:36:52 21.10.2022 [CRON] Finish
17:36:57 21.10.2022 [CRON] Start
17:36:57 21.10.2022 [CRON] Finish
17:37:01 21.10.2022 [CRON] Start
17:37:01 21.10.2022 [CRON] Finish
17:37:06 21.10.2022 [CRON] Start
17:37:06 21.10.2022 [CRON] Finish
17:37:11 21.10.2022 [CRON] Start
17:37:11 21.10.2022 [CRON] Finish
17:37:16 21.10.2022 [CRON] Start
17:37:16 21.10.2022 [CRON] Finish
17:37:21 21.10.2022 [CRON] Start
17:37:21 21.10.2022 [CRON] Finish
17:37:26 21.10.2022 [CRON] Start
17:37:26 21.10.2022 [CRON] Finish
17:37:31 21.10.2022 [CRON] Start
17:37:31 21.10.2022 [CRON] Finish
17:37:36 21.10.2022 [CRON] Start
17:37:36 21.10.2022 [CRON] Finish
17:37:38 21.10.2022 [online_mode:1] Monitoring the connection to the cellular network
17:37:41 21.10.2022 [CRON] Start
17:37:41 21.10.2022 [CRON] Finish
17:37:46 21.10.2022 [CRON] Start
17:37:46 21.10.2022 [CRON] Finish
17:37:49 21.10.2022 [online_mode:1] Restarting the modem: 2;
17:37:49 21.10.2022 [online_mode:1] Error receiving SMS!
17:37:49 21.10.2022 [online_mode:1] Errors: 2;
17:37:51 21.10.2022 [CRON] Start
17:37:56 21.10.2022 [CRON] Start
17:37:56 21.10.2022 [CRON] Finish
17:38:01 21.10.2022 [CRON] Start
17:38:01 21.10.2022 [CRON] Finish
17:38:06 21.10.2022 [CRON] Start
17:38:06 21.10.2022 [CRON] Finish
17:38:11 21.10.2022 [online_mode:1] Start
17:38:11 21.10.2022 [1] -> Array
(
    [1] => Array
        (
            [0] => 1
            [1] => -1
        )

    [2] => Array
        (
            [0] => 1
            [1] => -1
        )

    [3] => Array
        (
            [0] => 1
            [1] => -1
        )

    [4] => Array
        (
            [0] => 1
            [1] => -1
        )

    [5] => Array
        (
            [0] => 1
            [1] => -1
        )

    [6] => Array
        (
            [0] => 1
            [1] => -1
        )

    [7] => Array
        (
            [0] => 1
            [1] => -1
        )

    [8] => Array
        (
            [0] => 1
            [1] => -1
        )

)
link_1
17:38:11 21.10.2022 [CRON] Start
17:38:11 21.10.2022 [CRON] Finish
17:38:16 21.10.2022 [CRON] Start
17:38:16 21.10.2022 [CRON] Finish
17:38:21 21.10.2022 [CRON] Start
17:38:21 21.10.2022 [CRON] Finish
17:38:25 21.10.2022 [online_mode:1] Error receiving SMS!
17:38:25 21.10.2022 [online_mode:1] Error receiving SMS!
17:38:25 21.10.2022 [online_mode:1] Error receiving SMS!
17:38:25 21.10.2022 [online_mode:1] Error receiving SMS!
17:38:25 21.10.2022 [online_mode:1] Error receiving SMS!
17:38:25 21.10.2022 [online_mode:1] Error receiving SMS!
17:38:26 21.10.2022 [CRON] Start
17:38:26 21.10.2022 [CRON] Finish
17:38:31 21.10.2022 [CRON] Start
17:38:31 21.10.2022 [CRON] Finish
17:38:36 21.10.2022 [CRON] Start
17:38:36 21.10.2022 [CRON] Finish
17:38:41 21.10.2022 [CRON] Start
17:38:41 21.10.2022 [CRON] Finish
17:38:46 21.10.2022 [CRON] Start
17:38:46 21.10.2022 [CRON] Finish
17:38:51 21.10.2022 [CRON] Start
17:38:51 21.10.2022 [CRON] Finish
17:38:56 21.10.2022 [CRON] Start
17:38:56 21.10.2022 [CRON] Finish
17:39:01 21.10.2022 [CRON] Start
17:39:01 21.10.2022 [CRON] Finish
17:39:06 21.10.2022 [CRON] Start
17:39:06 21.10.2022 [CRON] Finish
17:39:11 21.10.2022 [CRON] Start
17:39:11 21.10.2022 [CRON] Finish
17:39:16 21.10.2022 [CRON] Start
17:39:16 21.10.2022 [CRON] Finish
17:39:21 21.10.2022 [CRON] Start
17:39:21 21.10.2022 [CRON] Finish
17:39:25 21.10.2022 [online_mode:1] Monitoring the connection to the cellular network
17:39:26 21.10.2022 [CRON] Start
17:39:26 21.10.2022 [CRON] Finish
17:39:31 21.10.2022 [CRON] Start
17:39:31 21.10.2022 [CRON] Finish
17:39:36 21.10.2022 [CRON] Start
17:39:36 21.10.2022 [CRON] Finish
17:39:41 21.10.2022 [online_mode:1] Restarting the modem: 1;
17:39:41 21.10.2022 [online_mode:1] Errors: 1;
17:39:41 21.10.2022 [CRON] Start
17:39:41 21.10.2022 [CRON] Finish
17:39:46 21.10.2022 [CRON] Start
17:39:46 21.10.2022 [CRON] Finish
17:39:51 21.10.2022 [CRON] Start
17:39:51 21.10.2022 [CRON] Finish
17:39:56 21.10.2022 [CRON] Start
17:39:56 21.10.2022 [CRON] Finish
17:39:57 21.10.2022 [online_mode:1] Error receiving SMS!
17:40:01 21.10.2022 [CRON] Start
17:40:01 21.10.2022 [CRON] Finish
17:40:06 21.10.2022 [CRON] Start
17:40:06 21.10.2022 [CRON] Finish
17:40:08 21.10.2022 [online_mode:1] Monitoring the connection to the cellular network
17:40:11 21.10.2022 [CRON] Start
17:40:11 21.10.2022 [CRON] Finish
17:40:16 21.10.2022 [CRON] Start
17:40:16 21.10.2022 [CRON] Finish
17:40:19 21.10.2022 [online_mode:1] Restarting the modem: 2;
17:40:19 21.10.2022 [online_mode:1] Error receiving SMS!
17:40:19 21.10.2022 [online_mode:1] Errors: 2;
17:40:22 21.10.2022 [CRON] Start
17:40:22 21.10.2022 [CRON] Finish
17:40:27 21.10.2022 [CRON] Start
17:40:27 21.10.2022 [CRON] Finish
17:40:29 21.10.2022 [online_mode:1] Monitoring the connection to the cellular network
17:40:31 21.10.2022 [CRON] Start
17:40:31 21.10.2022 [CRON] Finish
17:40:37 21.10.2022 [CRON] Start
17:40:37 21.10.2022 [CRON] Finish
17:40:42 21.10.2022 [CRON] Start
17:40:42 21.10.2022 [CRON] Finish
17:40:47 21.10.2022 [CRON] Start
17:40:47 21.10.2022 [CRON] Finish
17:40:52 21.10.2022 [CRON] Start
17:40:52 21.10.2022 [CRON] Finish
17:40:57 21.10.2022 [CRON] Start
17:40:57 21.10.2022 [CRON] Finish
17:40:58 21.10.2022 [online_mode:1] Error receiving SMS!
17:41:01 21.10.2022 [CRON] Start
17:41:01 21.10.2022 [CRON] Finish
17:41:01 21.10.2022 [online_mode:1] Restarting the modem: 2;
17:41:01 21.10.2022 [online_mode:1] Errors: 2;
17:41:06 21.10.2022 [CRON] Start
17:41:06 21.10.2022 [CRON] Finish
17:41:08 21.10.2022 [online_mode:1] Monitoring the connection to the cellular network
17:41:11 21.10.2022 [CRON] Start
17:41:11 21.10.2022 [CRON] Finish
17:41:16 21.10.2022 [CRON] Start
17:41:16 21.10.2022 [CRON] Finish
17:41:21 21.10.2022 [CRON] Start
17:41:21 21.10.2022 [CRON] Finish
17:41:21 21.10.2022 [online_mode:1] Error receiving SMS!
17:41:26 21.10.2022 [CRON] Start
17:41:26 21.10.2022 [CRON] Finish
17:41:31 21.10.2022 [CRON] Start
17:41:31 21.10.2022 [CRON] Finish
17:41:36 21.10.2022 [CRON] Start
17:41:36 21.10.2022 [CRON] Finish
17:41:41 21.10.2022 [CRON] Start
17:41:41 21.10.2022 [CRON] Finish
17:41:46 21.10.2022 [CRON] Start
17:41:46 21.10.2022 [CRON] Finish
17:41:51 21.10.2022 [CRON] Start
17:41:51 21.10.2022 [CRON] Finish
17:41:56 21.10.2022 [CRON] Start
17:41:56 21.10.2022 [CRON] Finish
17:42:01 21.10.2022 [CRON] Start
17:42:01 21.10.2022 [CRON] Finish
17:42:06 21.10.2022 [CRON] Start
17:42:06 21.10.2022 [CRON] Finish
17:42:08 21.10.2022 [online_mode:1] Error receiving SMS!
17:42:11 21.10.2022 [CRON] Start
17:42:11 21.10.2022 [CRON] Finish
17:42:16 21.10.2022 [CRON] Start
17:42:16 21.10.2022 [CRON] Finish
17:42:21 21.10.2022 [CRON] Start
17:42:21 21.10.2022 [CRON] Finish
17:42:21 21.10.2022 [online_mode:1] Monitoring the connection to the cellular network
17:42:26 21.10.2022 [CRON] Start
17:42:26 21.10.2022 [CRON] Finish
17:42:31 21.10.2022 [CRON] Start
17:42:31 21.10.2022 [CRON] Finish
17:42:36 21.10.2022 [CRON] Start
17:42:36 21.10.2022 [CRON] Finish
17:42:41 21.10.2022 [CRON] Start
17:42:41 21.10.2022 [CRON] Finish
17:42:46 21.10.2022 [CRON] Start
17:42:46 21.10.2022 [CRON] Finish
17:42:51 21.10.2022 [CRON] Start
17:42:51 21.10.2022 [CRON] Finish
17:42:56 21.10.2022 [CRON] Start
17:42:56 21.10.2022 [CRON] Finish
17:43:01 21.10.2022 [CRON] Start
17:43:01 21.10.2022 [CRON] Finish
17:43:06 21.10.2022 [CRON] Start
17:43:06 21.10.2022 [CRON] Finish
17:43:11 21.10.2022 [CRON] Start
17:43:11 21.10.2022 [CRON] Finish
17:43:16 21.10.2022 [CRON] Start
17:43:16 21.10.2022 [CRON] Finish
17:43:17 21.10.2022 [online_mode:1] Error receiving SMS!
17:43:17 21.10.2022 [online_mode:1] SMS counter:  5, Time: 1666363397, Status: 
17:43:21 21.10.2022 [CRON] Start
17:43:21 21.10.2022 [CRON] Finish
17:43:25 21.10.2022 [DEVICE:1] Emergency exit!
17:43:25 21.10.2022 [DEVICE:1] Emergency exit!
17:43:26 21.10.2022 [CRON] Start
17:43:26 21.10.2022 [CRON] Finish
17:43:31 21.10.2022 [CRON] Start
17:43:31 21.10.2022 [CRON] Finish
17:43:36 21.10.2022 [CRON] Start
17:43:36 21.10.2022 [TASK] Start > DEV:1
17:43:36 21.10.2022 [TASK:1] Start action #1 (1666363381)
17:43:36 21.10.2022 [TASK:1] Command: answer>clear Step: 1030
17:43:41 21.10.2022 [CRON] Start
17:43:41 21.10.2022 [CRON] Finish
17:43:43 21.10.2022 [TASK:1] Answer: 1
17:43:43 21.10.2022 simlink
17:43:46 21.10.2022 [CRON] Start
17:43:46 21.10.2022 [CRON] Finish
17:43:51 21.10.2022 [CRON] Start
17:43:51 21.10.2022 [CRON] Finish
17:43:56 21.10.2022 [CRON] Start
17:43:56 21.10.2022 [CRON] Finish
17:44:02 21.10.2022 [CRON] Start
17:44:02 21.10.2022 [CRON] Finish
17:44:07 21.10.2022 [CRON] Start
17:44:07 21.10.2022 [CRON] Finish
17:44:11 21.10.2022 [CRON] Start
17:44:11 21.10.2022 [CRON] Finish
17:44:13 21.10.2022 [sim_link:1] Remaining time:270 sek.
17:44:13 21.10.2022 [sim_link:1] Getting information about operators
17:44:17 21.10.2022 [CRON] Start
17:44:17 21.10.2022 [CRON] Finish
17:44:22 21.10.2022 [CRON] Start
17:44:22 21.10.2022 [CRON] Finish
17:44:27 21.10.2022 [CRON] Start
17:44:27 21.10.2022 [CRON] Finish
17:44:31 21.10.2022 [sim_link:1] Modem:1, Status:3
17:44:31 21.10.2022 [sim_link:1] Modem:2, Status:0
17:44:31 21.10.2022 [sim_link:1] Modem:3, Status:1
17:44:31 21.10.2022 [sim_link:1] The start of the function: get_number
17:44:32 21.10.2022 [CRON] Start
17:44:32 21.10.2022 [CRON] Finish
17:44:37 21.10.2022 [CRON] Start
17:44:37 21.10.2022 [CRON] Finish
17:44:41 21.10.2022 [CRON] Start
17:44:41 21.10.2022 [CRON] Finish
17:44:47 21.10.2022 [CRON] Start
17:44:47 21.10.2022 [CRON] Finish
17:44:52 21.10.2022 [CRON] Start
17:44:52 21.10.2022 [CRON] Finish
17:44:57 21.10.2022 [CRON] Start
17:44:57 21.10.2022 [CRON] Finish
17:45:01 21.10.2022 [CRON] Start
17:45:01 21.10.2022 [CRON] Finish
17:45:06 21.10.2022 [CRON] Start
17:45:06 21.10.2022 [CRON] Finish
17:45:11 21.10.2022 [CRON] Start
17:45:11 21.10.2022 [CRON] Finish
17:45:16 21.10.2022 [CRON] Start
17:45:16 21.10.2022 [CRON] Finish
17:45:21 21.10.2022 [CRON] Start
17:45:21 21.10.2022 [CRON] Finish
17:45:26 21.10.2022 [CRON] Start
17:45:26 21.10.2022 [CRON] Finish
17:45:31 21.10.2022 [CRON] Start
17:45:31 21.10.2022 [CRON] Finish
17:45:36 21.10.2022 [CRON] Start
17:45:36 21.10.2022 [CRON] Finish
17:45:41 21.10.2022 [CRON] Start
17:45:41 21.10.2022 [CRON] Finish
17:45:46 21.10.2022 [CRON] Start
17:45:46 21.10.2022 [CRON] Finish
17:45:47 21.10.2022 [sim_link:1] The function is executed with the result: 1
17:45:47 21.10.2022 [sim_link:1] Modem processed, left: 8
17:45:47 21.10.2022 [sim_link:1] Modem:4, Status:1
17:45:47 21.10.2022 [sim_link:1] The start of the function: get_number
17:45:51 21.10.2022 [CRON] Start
17:45:51 21.10.2022 [CRON] Finish
17:45:56 21.10.2022 [CRON] Start
17:45:56 21.10.2022 [CRON] Finish
17:46:01 21.10.2022 [CRON] Start
17:46:01 21.10.2022 [CRON] Finish
17:46:06 21.10.2022 [CRON] Start
17:46:06 21.10.2022 [CRON] Finish
17:46:11 21.10.2022 [CRON] Start
17:46:11 21.10.2022 [CRON] Finish
17:46:16 21.10.2022 [CRON] Start
17:46:16 21.10.2022 [CRON] Finish
17:46:21 21.10.2022 [CRON] Start
17:46:21 21.10.2022 [CRON] Finish
17:46:26 21.10.2022 [CRON] Start
17:46:26 21.10.2022 [CRON] Finish
17:46:31 21.10.2022 [CRON] Start
17:46:31 21.10.2022 [CRON] Finish
17:46:36 21.10.2022 [CRON] Start
17:46:36 21.10.2022 [CRON] Finish
17:46:41 21.10.2022 [CRON] Start
17:46:41 21.10.2022 [CRON] Finish
17:46:46 21.10.2022 [CRON] Start
17:46:46 21.10.2022 [CRON] Finish
17:46:51 21.10.2022 [CRON] Start
17:46:51 21.10.2022 [CRON] Finish
17:46:56 21.10.2022 [CRON] Start
17:46:56 21.10.2022 [CRON] Finish
17:47:01 21.10.2022 [CRON] Start
17:47:01 21.10.2022 [CRON] Finish
17:47:06 21.10.2022 [CRON] Start
17:47:06 21.10.2022 [CRON] Finish
17:47:08 21.10.2022 [sim_link:1] The function is executed with the result: 1
17:47:08 21.10.2022 [sim_link:1] Modem processed, left: 7
17:47:08 21.10.2022 [sim_link:1] Modem:5, Status:1
17:47:08 21.10.2022 [sim_link:1] The start of the function: get_number
17:47:11 21.10.2022 [CRON] Start
17:47:11 21.10.2022 [CRON] Finish
17:47:16 21.10.2022 [CRON] Start
17:47:16 21.10.2022 [CRON] Finish
17:47:21 21.10.2022 [CRON] Start
17:47:21 21.10.2022 [CRON] Finish
17:47:26 21.10.2022 [CRON] Start
17:47:26 21.10.2022 [CRON] Finish
17:47:31 21.10.2022 [CRON] Start
17:47:31 21.10.2022 [CRON] Finish
17:47:36 21.10.2022 [CRON] Start
17:47:36 21.10.2022 [CRON] Finish
17:47:41 21.10.2022 [CRON] Start
17:47:41 21.10.2022 [CRON] Finish
17:47:46 21.10.2022 [CRON] Start
17:47:46 21.10.2022 [CRON] Finish
17:47:51 21.10.2022 [CRON] Start
17:47:51 21.10.2022 [CRON] Finish
17:47:56 21.10.2022 [CRON] Start
17:47:56 21.10.2022 [CRON] Finish
17:48:02 21.10.2022 [CRON] Start
17:48:02 21.10.2022 [CRON] Finish
17:48:07 21.10.2022 [CRON] Start
17:48:07 21.10.2022 [CRON] Finish
17:48:11 21.10.2022 [CRON] Start
17:48:11 21.10.2022 [CRON] Finish
17:48:17 21.10.2022 [CRON] Start
17:48:17 21.10.2022 [CRON] Finish
17:48:21 21.10.2022 [CRON] Start
17:48:21 21.10.2022 [CRON] Finish
17:48:22 21.10.2022 [sim_link:1] The function is executed with the result: 1
17:48:22 21.10.2022 [sim_link:1] Modem processed, left: 6
17:48:22 21.10.2022 [sim_link:1] Modem:6, Status:1
17:48:22 21.10.2022 [sim_link:1] The start of the function: get_number
17:48:26 21.10.2022 [CRON] Start
17:48:26 21.10.2022 [CRON] Finish
17:48:32 21.10.2022 [CRON] Start
17:48:32 21.10.2022 [CRON] Finish
17:48:37 21.10.2022 [CRON] Start
17:48:37 21.10.2022 [CRON] Finish
17:48:42 21.10.2022 [CRON] Start
17:48:42 21.10.2022 [CRON] Finish
17:48:47 21.10.2022 [CRON] Start
17:48:47 21.10.2022 [CRON] Finish
17:48:52 21.10.2022 [CRON] Start
17:48:52 21.10.2022 [CRON] Finish
17:48:56 21.10.2022 [CRON] Start
17:48:56 21.10.2022 [CRON] Finish
17:49:02 21.10.2022 [CRON] Start
17:49:02 21.10.2022 [CRON] Finish
17:49:07 21.10.2022 [CRON] Start
17:49:07 21.10.2022 [CRON] Finish
17:49:12 21.10.2022 [CRON] Start
17:49:12 21.10.2022 [CRON] Finish
17:49:17 21.10.2022 [CRON] Start
17:49:17 21.10.2022 [CRON] Finish
17:49:22 21.10.2022 [CRON] Start
17:49:22 21.10.2022 [CRON] Finish
17:49:27 21.10.2022 [CRON] Start
17:49:27 21.10.2022 [CRON] Finish
17:49:32 21.10.2022 [CRON] Start
17:49:32 21.10.2022 [CRON] Finish
17:49:37 21.10.2022 [CRON] Start
17:49:37 21.10.2022 [CRON] Finish
17:49:42 21.10.2022 [CRON] Start
17:49:42 21.10.2022 [CRON] Finish
17:49:47 21.10.2022 [sim_link:1] The function is executed with the result: 1
17:49:47 21.10.2022 [sim_link:1] Modem processed, left: 5
17:49:47 21.10.2022 [sim_link:1] Modem:7, Status:1
17:49:47 21.10.2022 [sim_link:1] The start of the function: get_number
17:49:47 21.10.2022 [CRON] Start
17:49:47 21.10.2022 [CRON] Finish
17:49:52 21.10.2022 [CRON] Start
17:49:52 21.10.2022 [CRON] Finish
17:49:57 21.10.2022 [CRON] Start
17:49:57 21.10.2022 [CRON] Finish
17:50:01 21.10.2022 [CRON] Start
17:50:01 21.10.2022 [CRON] Finish
17:50:06 21.10.2022 [CRON] Start
17:50:06 21.10.2022 [CRON] Finish
17:50:11 21.10.2022 [CRON] Start
17:50:11 21.10.2022 [CRON] Finish
17:50:16 21.10.2022 [CRON] Start
17:50:16 21.10.2022 [CRON] Finish
17:50:21 21.10.2022 [CRON] Start
17:50:21 21.10.2022 [CRON] Finish
17:50:26 21.10.2022 [CRON] Start
17:50:26 21.10.2022 [CRON] Finish
17:50:31 21.10.2022 [CRON] Start
17:50:31 21.10.2022 [CRON] Finish
17:50:36 21.10.2022 [CRON] Start
17:50:36 21.10.2022 [CRON] Finish
17:50:41 21.10.2022 [CRON] Start
17:50:41 21.10.2022 [CRON] Finish
17:50:46 21.10.2022 [CRON] Start
17:50:46 21.10.2022 [CRON] Finish
17:50:51 21.10.2022 [CRON] Start
17:50:51 21.10.2022 [CRON] Finish
17:50:56 21.10.2022 [CRON] Start
17:50:56 21.10.2022 [CRON] Finish
17:51:01 21.10.2022 [CRON] Start
17:51:01 21.10.2022 [CRON] Finish
17:51:03 21.10.2022 [sim_link:1] The function is executed with the result: 1
17:51:03 21.10.2022 [sim_link:1] Modem processed, left: 4
17:51:03 21.10.2022 [sim_link:1] Modem:8, Status:1
17:51:03 21.10.2022 [sim_link:1] The start of the function: get_number
17:51:06 21.10.2022 [CRON] Start
17:51:06 21.10.2022 [CRON] Finish
17:51:11 21.10.2022 [CRON] Start
17:51:11 21.10.2022 [CRON] Finish
17:51:16 21.10.2022 [CRON] Start
17:51:16 21.10.2022 [CRON] Finish
17:51:21 21.10.2022 [CRON] Start
17:51:21 21.10.2022 [CRON] Finish
17:51:26 21.10.2022 [CRON] Start
17:51:26 21.10.2022 [CRON] Finish
17:51:31 21.10.2022 [CRON] Start
17:51:31 21.10.2022 [CRON] Finish
17:51:36 21.10.2022 [CRON] Start
17:51:36 21.10.2022 [CRON] Finish
17:51:41 21.10.2022 [CRON] Start
17:51:41 21.10.2022 [CRON] Finish
17:51:46 21.10.2022 [CRON] Start
17:51:46 21.10.2022 [CRON] Finish
17:51:51 21.10.2022 [CRON] Start
17:51:51 21.10.2022 [CRON] Finish
17:51:56 21.10.2022 [CRON] Start
17:51:56 21.10.2022 [CRON] Finish
17:52:01 21.10.2022 [CRON] Start
17:52:01 21.10.2022 [CRON] Finish
17:52:06 21.10.2022 [CRON] Start
17:52:06 21.10.2022 [CRON] Finish
17:52:11 21.10.2022 [CRON] Start
17:52:11 21.10.2022 [CRON] Finish
17:52:16 21.10.2022 [CRON] Start
17:52:16 21.10.2022 [CRON] Finish
17:52:21 21.10.2022 [CRON] Start
17:52:21 21.10.2022 [CRON] Finish
17:52:26 21.10.2022 [CRON] Start
17:52:26 21.10.2022 [CRON] Finish
17:52:31 21.10.2022 [CRON] Start
17:52:31 21.10.2022 [CRON] Finish
17:52:36 21.10.2022 [CRON] Start
17:52:36 21.10.2022 [CRON] Finish
17:52:39 21.10.2022 [sim_link:1] The function is executed with the result: 1
17:52:39 21.10.2022 [sim_link:1] Modem processed, left: 3
17:52:39 21.10.2022 [sim_link:1] The time limit is reached!
17:52:39 21.10.2022 [TASK:1] Deleting the action #1
17:52:39 21.10.2022 [TASK] Finish
17:52:41 21.10.2022 [CRON] Start
17:52:41 21.10.2022 [CRON] Finish
17:52:46 21.10.2022 [CRON] Start
17:52:46 21.10.2022 [CRON] Finish
17:52:51 21.10.2022 [CRON] Start
17:52:51 21.10.2022 [CRON] Finish
17:52:56 21.10.2022 [CRON] Start
17:52:56 21.10.2022 [CRON] Finish
17:53:01 21.10.2022 [CRON] Start
17:53:01 21.10.2022 [CRON] Finish
17:53:07 21.10.2022 [CRON] Start
17:53:07 21.10.2022 [CRON] Finish
17:53:11 21.10.2022 [CRON] Start
17:53:11 21.10.2022 [CRON] Finish
17:53:16 21.10.2022 [CRON] Start
17:53:16 21.10.2022 [CRON] Finish
17:53:21 21.10.2022 [CRON] Start
17:53:21 21.10.2022 [CRON] Finish
17:53:26 21.10.2022 [CRON] Start
17:53:26 21.10.2022 [CRON] Finish
17:53:31 21.10.2022 [CRON] Start
17:53:31 21.10.2022 [CRON] Finish
17:53:36 21.10.2022 [CRON] Start
17:53:36 21.10.2022 [CRON] Finish
17:53:41 21.10.2022 [CRON] Start
17:53:42 21.10.2022 [CRON] Finish
17:53:46 21.10.2022 [CRON] Start
17:53:46 21.10.2022 [CRON] Finish
17:53:51 21.10.2022 [CRON] Start
17:53:51 21.10.2022 [CRON] Finish
17:53:56 21.10.2022 [CRON] Start
17:53:56 21.10.2022 [CRON] Finish
17:54:02 21.10.2022 [CRON] Start
17:54:02 21.10.2022 [CRON] Finish
17:54:07 21.10.2022 [CRON] Start
17:54:07 21.10.2022 [CRON] Finish
17:54:12 21.10.2022 [CRON] Start
17:54:12 21.10.2022 [CRON] Finish
17:54:16 21.10.2022 [CRON] Start
17:54:16 21.10.2022 [CRON] Finish
17:54:21 21.10.2022 [CRON] Start
17:54:21 21.10.2022 [CRON] Finish
17:54:26 21.10.2022 [CRON] Start
17:54:26 21.10.2022 [CRON] Finish
17:54:32 21.10.2022 [CRON] Start
17:54:32 21.10.2022 [CRON] Finish
17:54:36 21.10.2022 [CRON] Start
17:54:36 21.10.2022 [CRON] Finish
17:54:42 21.10.2022 [CRON] Start
17:54:42 21.10.2022 [CRON] Finish
17:54:47 21.10.2022 [CRON] Start
17:54:47 21.10.2022 [CRON] Finish
17:54:52 21.10.2022 [CRON] Start
17:54:52 21.10.2022 [CRON] Finish
17:54:57 21.10.2022 [CRON] Start
17:54:57 21.10.2022 [CRON] Finish
17:55:01 21.10.2022 [CRON] Start
17:55:01 21.10.2022 [CRON] Finish
17:55:06 21.10.2022 [CRON] Start
17:55:06 21.10.2022 [CRON] Finish
17:55:11 21.10.2022 [CRON] Start
17:55:11 21.10.2022 [CRON] Finish
17:55:16 21.10.2022 [CRON] Start
17:55:16 21.10.2022 [CRON] Finish
17:55:21 21.10.2022 [CRON] Start
17:55:21 21.10.2022 [CRON] Finish
17:55:26 21.10.2022 [CRON] Start
17:55:26 21.10.2022 [CRON] Finish
17:55:31 21.10.2022 [CRON] Start
17:55:31 21.10.2022 [CRON] Finish
17:55:36 21.10.2022 [CRON] Start
17:55:36 21.10.2022 [CRON] Finish
17:55:41 21.10.2022 [CRON] Start
17:55:41 21.10.2022 [CRON] Finish
17:55:46 21.10.2022 [CRON] Start
17:55:46 21.10.2022 [CRON] Finish
17:55:51 21.10.2022 [CRON] Start
17:55:51 21.10.2022 [CRON] Finish
17:55:56 21.10.2022 [CRON] Start
17:55:56 21.10.2022 [CRON] Finish
17:56:01 21.10.2022 [CRON] Start
17:56:01 21.10.2022 [CRON] Finish
17:56:06 21.10.2022 [CRON] Start
17:56:06 21.10.2022 [CRON] Finish
17:56:11 21.10.2022 [CRON] Start
17:56:11 21.10.2022 [CRON] Finish
17:56:16 21.10.2022 [CRON] Start
17:56:16 21.10.2022 [CRON] Finish
17:56:21 21.10.2022 [CRON] Start
17:56:21 21.10.2022 [CRON] Finish
17:56:26 21.10.2022 [CRON] Start
17:56:26 21.10.2022 [CRON] Finish
17:56:31 21.10.2022 [CRON] Start
17:56:31 21.10.2022 [CRON] Finish
17:56:36 21.10.2022 [CRON] Start
17:56:36 21.10.2022 [CRON] Finish
17:56:41 21.10.2022 [CRON] Start
17:56:41 21.10.2022 [CRON] Finish
17:56:46 21.10.2022 [CRON] Start
17:56:46 21.10.2022 [CRON] Finish
17:56:51 21.10.2022 [CRON] Start
17:56:51 21.10.2022 [CRON] Finish
17:56:56 21.10.2022 [CRON] Start
17:56:56 21.10.2022 [CRON] Finish
17:57:01 21.10.2022 [CRON] Start
17:57:01 21.10.2022 [CRON] Finish
17:57:06 21.10.2022 [CRON] Start
17:57:06 21.10.2022 [CRON] Finish
17:57:11 21.10.2022 [CRON] Start
17:57:11 21.10.2022 [CRON] Finish
17:57:16 21.10.2022 [CRON] Start
17:57:16 21.10.2022 [CRON] Finish
17:57:21 21.10.2022 [CRON] Start
17:57:21 21.10.2022 [CRON] Finish
17:57:26 21.10.2022 [CRON] Start
17:57:26 21.10.2022 [CRON] Finish
17:57:31 21.10.2022 [CRON] Start
17:57:31 21.10.2022 [CRON] Finish
17:57:36 21.10.2022 [CRON] Start
17:57:36 21.10.2022 [CRON] Finish
17:57:41 21.10.2022 [CRON] Start
17:57:41 21.10.2022 [CRON] Finish
17:57:46 21.10.2022 [CRON] Start
17:57:46 21.10.2022 [CRON] Finish
17:57:51 21.10.2022 [CRON] Start
17:57:51 21.10.2022 [CRON] Finish
17:57:56 21.10.2022 [CRON] Start
17:57:56 21.10.2022 [CRON] Finish
17:58:01 21.10.2022 [CRON] Start
17:58:01 21.10.2022 [CRON] Finish
17:58:06 21.10.2022 [CRON] Start
17:58:06 21.10.2022 [CRON] Finish
17:58:11 21.10.2022 [CRON] Start
17:58:11 21.10.2022 [CRON] Finish
17:58:16 21.10.2022 [CRON] Start
17:58:16 21.10.2022 [CRON] Finish
17:58:21 21.10.2022 [CRON] Start
17:58:21 21.10.2022 [CRON] Finish
17:58:26 21.10.2022 [CRON] Start
17:58:26 21.10.2022 [CRON] Finish
17:58:31 21.10.2022 [CRON] Start
17:58:31 21.10.2022 [TASK] Start > DEV:1
17:58:31 21.10.2022 [TASK:1] Start action #2 (1666364281)
17:58:31 21.10.2022 [TASK:1] Command: answer>clear Step: 1082
17:58:36 21.10.2022 [CRON] Start
17:58:36 21.10.2022 [CRON] Finish
17:58:41 21.10.2022 [CRON] Start
17:58:41 21.10.2022 [CRON] Finish
17:58:41 21.10.2022 [TASK:1] Answer: 1
17:58:41 21.10.2022 simlink
17:58:46 21.10.2022 [CRON] Start
17:58:46 21.10.2022 [CRON] Finish
17:58:51 21.10.2022 [CRON] Start
17:58:51 21.10.2022 [CRON] Finish
17:58:56 21.10.2022 [CRON] Start
17:58:56 21.10.2022 [CRON] Finish
17:59:02 21.10.2022 [CRON] Start
17:59:02 21.10.2022 [CRON] Finish
17:59:06 21.10.2022 [CRON] Start
17:59:06 21.10.2022 [CRON] Finish
17:59:11 21.10.2022 [sim_link:1] Remaining time:270 sek.
17:59:11 21.10.2022 [sim_link:1] Getting information about operators
17:59:12 21.10.2022 [CRON] Start
17:59:12 21.10.2022 [CRON] Finish
17:59:16 21.10.2022 [CRON] Start
17:59:16 21.10.2022 [CRON] Finish
17:59:20 21.10.2022 [sim_link:1] Modem:1, Status:0
17:59:20 21.10.2022 [sim_link:1] Modem:2, Status:3
17:59:20 21.10.2022 [sim_link:1] Modem:3, Status:1
17:59:20 21.10.2022 [sim_link:1] The start of the function: get_number
17:59:22 21.10.2022 [CRON] Start
17:59:22 21.10.2022 [CRON] Finish
17:59:26 21.10.2022 [CRON] Start
17:59:26 21.10.2022 [CRON] Finish
17:59:32 21.10.2022 [CRON] Start
17:59:32 21.10.2022 [CRON] Finish
17:59:37 21.10.2022 [CRON] Start
17:59:37 21.10.2022 [CRON] Finish
17:59:41 21.10.2022 [CRON] Start
17:59:41 21.10.2022 [CRON] Finish
17:59:46 21.10.2022 [CRON] Start
17:59:46 21.10.2022 [CRON] Finish
17:59:52 21.10.2022 [CRON] Start
17:59:52 21.10.2022 [CRON] Finish
17:59:57 21.10.2022 [CRON] Start
17:59:57 21.10.2022 [CRON] Finish
18:00:01 21.10.2022 [CRON] Start
18:00:01 21.10.2022 [CRON] Finish
18:00:06 21.10.2022 [CRON] Start
18:00:06 21.10.2022 [CRON] Finish
18:00:11 21.10.2022 [CRON] Start
18:00:11 21.10.2022 [CRON] Finish
18:00:16 21.10.2022 [CRON] Start
18:00:16 21.10.2022 [CRON] Finish
18:00:21 21.10.2022 [CRON] Start
18:00:21 21.10.2022 [CRON] Finish
18:00:26 21.10.2022 [CRON] Start
18:00:26 21.10.2022 [CRON] Finish
18:00:31 21.10.2022 [CRON] Start
18:00:31 21.10.2022 [CRON] Finish
18:00:32 21.10.2022 [sim_link:1] The function is executed with the result: 1
18:00:32 21.10.2022 [sim_link:1] Modem processed, left: 8
18:00:32 21.10.2022 [sim_link:1] Modem:4, Status:1
18:00:32 21.10.2022 [sim_link:1] The start of the function: get_number
18:00:36 21.10.2022 [CRON] Start
18:00:36 21.10.2022 [CRON] Finish
18:00:41 21.10.2022 [CRON] Start
18:00:41 21.10.2022 [CRON] Finish
18:00:46 21.10.2022 [CRON] Start
18:00:46 21.10.2022 [CRON] Finish
18:00:51 21.10.2022 [CRON] Start
18:00:51 21.10.2022 [CRON] Finish
18:00:56 21.10.2022 [CRON] Start
18:00:56 21.10.2022 [CRON] Finish
18:01:01 21.10.2022 [CRON] Start
18:01:01 21.10.2022 [CRON] Finish
18:01:06 21.10.2022 [CRON] Start
18:01:06 21.10.2022 [CRON] Finish
18:01:11 21.10.2022 [CRON] Start
18:01:11 21.10.2022 [CRON] Finish
18:01:16 21.10.2022 [CRON] Start
18:01:16 21.10.2022 [CRON] Finish
18:01:21 21.10.2022 [CRON] Start
18:01:21 21.10.2022 [CRON] Finish
18:01:26 21.10.2022 [CRON] Start
18:01:26 21.10.2022 [CRON] Finish
18:01:31 21.10.2022 [CRON] Start
18:01:31 21.10.2022 [CRON] Finish
18:01:36 21.10.2022 [CRON] Start
18:01:36 21.10.2022 [CRON] Finish
18:01:41 21.10.2022 [CRON] Start
18:01:41 21.10.2022 [CRON] Finish
18:01:46 21.10.2022 [CRON] Start
18:01:46 21.10.2022 [CRON] Finish
18:01:51 21.10.2022 [CRON] Start
18:01:51 21.10.2022 [CRON] Finish
18:01:56 21.10.2022 [CRON] Start
18:01:56 21.10.2022 [CRON] Finish
18:02:01 21.10.2022 [CRON] Start
18:02:01 21.10.2022 [CRON] Finish
18:02:06 21.10.2022 [CRON] Start
18:02:06 21.10.2022 [CRON] Finish
18:02:11 21.10.2022 [CRON] Start
18:02:11 21.10.2022 [CRON] Finish
18:02:16 21.10.2022 [CRON] Start
18:02:16 21.10.2022 [CRON] Finish
18:02:21 21.10.2022 [CRON] Start
18:02:21 21.10.2022 [CRON] Finish
18:02:26 21.10.2022 [CRON] Start
18:02:26 21.10.2022 [CRON] Finish
18:02:31 21.10.2022 [CRON] Start
18:02:31 21.10.2022 [CRON] Finish
18:02:36 21.10.2022 [CRON] Start
18:02:36 21.10.2022 [CRON] Finish
18:02:41 21.10.2022 [CRON] Start
18:02:41 21.10.2022 [CRON] Finish
18:02:46 21.10.2022 [CRON] Start
18:02:46 21.10.2022 [CRON] Finish
18:02:51 21.10.2022 [CRON] Start
18:02:51 21.10.2022 [CRON] Finish
18:02:56 21.10.2022 [CRON] Start
18:02:56 21.10.2022 [CRON] Finish
18:03:02 21.10.2022 [CRON] Start
18:03:02 21.10.2022 [CRON] Finish
18:03:07 21.10.2022 [CRON] Start
18:03:07 21.10.2022 [CRON] Finish
18:03:12 21.10.2022 [CRON] Start
18:03:12 21.10.2022 [CRON] Finish
18:03:17 21.10.2022 [CRON] Start
18:03:17 21.10.2022 [CRON] Finish
18:03:22 21.10.2022 [CRON] Start
18:03:22 21.10.2022 [CRON] Finish
18:03:23 21.10.2022 [sim_link:1] The function is executed with the result: 0
18:03:23 21.10.2022 [sim_link:1] Modem:5, Status:1
18:03:23 21.10.2022 [sim_link:1] The start of the function: get_number
18:03:27 21.10.2022 [CRON] Start
18:03:27 21.10.2022 [CRON] Finish
18:03:32 21.10.2022 [CRON] Start
18:03:32 21.10.2022 [CRON] Finish
18:03:37 21.10.2022 [CRON] Start
18:03:37 21.10.2022 [CRON] Finish
18:03:42 21.10.2022 [CRON] Start
18:03:42 21.10.2022 [CRON] Finish
18:03:47 21.10.2022 [CRON] Start
18:03:47 21.10.2022 [CRON] Finish
18:03:52 21.10.2022 [CRON] Start
18:03:52 21.10.2022 [CRON] Finish
18:03:57 21.10.2022 [CRON] Start
18:03:57 21.10.2022 [CRON] Finish
18:04:01 21.10.2022 [CRON] Start
18:04:01 21.10.2022 [CRON] Finish
18:04:06 21.10.2022 [CRON] Start
18:04:06 21.10.2022 [CRON] Finish
18:04:11 21.10.2022 [CRON] Start
18:04:11 21.10.2022 [CRON] Finish
18:04:16 21.10.2022 [CRON] Start
18:04:16 21.10.2022 [CRON] Finish
18:04:21 21.10.2022 [CRON] Start
18:04:21 21.10.2022 [CRON] Finish
18:04:26 21.10.2022 [CRON] Start
18:04:26 21.10.2022 [CRON] Finish
18:04:29 21.10.2022 [sim_link:1] The function is executed with the result: 1
18:04:29 21.10.2022 [sim_link:1] Modem processed, left: 7
18:04:29 21.10.2022 [sim_link:1] Modem:6, Status:1
18:04:29 21.10.2022 [sim_link:1] The start of the function: get_number
18:04:31 21.10.2022 [CRON] Start
18:04:31 21.10.2022 [CRON] Finish
18:04:36 21.10.2022 [CRON] Start
18:04:36 21.10.2022 [CRON] Finish
18:04:41 21.10.2022 [CRON] Start
18:04:41 21.10.2022 [CRON] Finish
18:04:46 21.10.2022 [CRON] Start
18:04:46 21.10.2022 [CRON] Finish
18:04:51 21.10.2022 [CRON] Start
18:04:51 21.10.2022 [CRON] Finish
18:04:56 21.10.2022 [CRON] Start
18:04:56 21.10.2022 [CRON] Finish
18:05:01 21.10.2022 [CRON] Start
18:05:01 21.10.2022 [CRON] Finish
18:05:06 21.10.2022 [CRON] Start
18:05:06 21.10.2022 [CRON] Finish
18:05:11 21.10.2022 [CRON] Start
18:05:11 21.10.2022 [CRON] Finish
18:05:16 21.10.2022 [CRON] Start
18:05:16 21.10.2022 [CRON] Finish
18:05:21 21.10.2022 [CRON] Start
18:05:21 21.10.2022 [CRON] Finish
18:05:26 21.10.2022 [CRON] Start
18:05:26 21.10.2022 [CRON] Finish
18:05:31 21.10.2022 [CRON] Start
18:05:31 21.10.2022 [CRON] Finish
18:05:36 21.10.2022 [CRON] Start
18:05:36 21.10.2022 [CRON] Finish
18:05:41 21.10.2022 [CRON] Start
18:05:41 21.10.2022 [CRON] Finish
18:05:46 21.10.2022 [CRON] Start
18:05:46 21.10.2022 [CRON] Finish
18:05:51 21.10.2022 [sim_link:1] The function is executed with the result: 1
18:05:51 21.10.2022 [sim_link:1] Modem processed, left: 6
18:05:51 21.10.2022 [sim_link:1] Modem:7, Status:1
18:05:51 21.10.2022 [sim_link:1] The start of the function: get_number
18:05:51 21.10.2022 [CRON] Start
18:05:51 21.10.2022 [CRON] Finish
18:05:56 21.10.2022 [CRON] Start
18:05:56 21.10.2022 [CRON] Finish
18:06:01 21.10.2022 [CRON] Start
18:06:01 21.10.2022 [CRON] Finish
18:06:06 21.10.2022 [CRON] Start
18:06:06 21.10.2022 [CRON] Finish
18:06:11 21.10.2022 [CRON] Start
18:06:11 21.10.2022 [CRON] Finish
18:06:16 21.10.2022 [CRON] Start
18:06:16 21.10.2022 [CRON] Finish
18:06:21 21.10.2022 [CRON] Start
18:06:21 21.10.2022 [CRON] Finish
18:06:26 21.10.2022 [CRON] Start
18:06:26 21.10.2022 [CRON] Finish
18:06:31 21.10.2022 [CRON] Start
18:06:31 21.10.2022 [CRON] Finish
18:06:36 21.10.2022 [CRON] Start
18:06:36 21.10.2022 [CRON] Finish
18:06:41 21.10.2022 [CRON] Start
18:06:41 21.10.2022 [CRON] Finish
18:06:46 21.10.2022 [CRON] Start
18:06:46 21.10.2022 [CRON] Finish
18:06:51 21.10.2022 [CRON] Start
18:06:51 21.10.2022 [CRON] Finish
18:06:56 21.10.2022 [CRON] Start
18:06:56 21.10.2022 [CRON] Finish
18:07:02 21.10.2022 [CRON] Start
18:07:02 21.10.2022 [CRON] Finish
18:07:07 21.10.2022 [CRON] Start
18:07:07 21.10.2022 [CRON] Finish
18:07:12 21.10.2022 [CRON] Start
18:07:12 21.10.2022 [CRON] Finish
18:07:12 21.10.2022 [sim_link:1] The function is executed with the result: 1
18:07:12 21.10.2022 [sim_link:1] Modem processed, left: 5
18:07:12 21.10.2022 [sim_link:1] Modem:8, Status:1
18:07:12 21.10.2022 [sim_link:1] The start of the function: get_number
18:07:17 21.10.2022 [CRON] Start
18:07:17 21.10.2022 [CRON] Finish
18:07:22 21.10.2022 [CRON] Start
18:07:22 21.10.2022 [CRON] Finish
18:07:27 21.10.2022 [CRON] Start
18:07:27 21.10.2022 [CRON] Finish
18:07:32 21.10.2022 [CRON] Start
18:07:32 21.10.2022 [CRON] Finish
18:07:37 21.10.2022 [CRON] Start
18:07:37 21.10.2022 [CRON] Finish
18:07:42 21.10.2022 [CRON] Start
18:07:42 21.10.2022 [CRON] Finish
18:07:47 21.10.2022 [CRON] Start
18:07:47 21.10.2022 [CRON] Finish
18:07:52 21.10.2022 [CRON] Start
18:07:52 21.10.2022 [CRON] Finish
18:07:57 21.10.2022 [CRON] Start
18:07:57 21.10.2022 [CRON] Finish
18:08:01 21.10.2022 [CRON] Start
18:08:01 21.10.2022 [CRON] Finish
18:08:06 21.10.2022 [CRON] Start
18:08:06 21.10.2022 [CRON] Finish
18:08:11 21.10.2022 [CRON] Start
18:08:11 21.10.2022 [CRON] Finish
18:08:16 21.10.2022 [CRON] Start
18:08:16 21.10.2022 [CRON] Finish
18:08:21 21.10.2022 [CRON] Start
18:08:21 21.10.2022 [CRON] Finish
18:08:26 21.10.2022 [CRON] Start
18:08:26 21.10.2022 [CRON] Finish
18:08:31 21.10.2022 [CRON] Start
18:08:31 21.10.2022 [CRON] Finish
18:08:36 21.10.2022 [CRON] Start
18:08:36 21.10.2022 [CRON] Finish
18:08:41 21.10.2022 [CRON] Start
18:08:41 21.10.2022 [CRON] Finish
18:08:46 21.10.2022 [CRON] Start
18:08:46 21.10.2022 [CRON] Finish
18:08:51 21.10.2022 [CRON] Start
18:08:51 21.10.2022 [CRON] Finish
18:08:56 21.10.2022 [CRON] Start
18:08:56 21.10.2022 [CRON] Finish
18:09:01 21.10.2022 [CRON] Start
18:09:01 21.10.2022 [CRON] Finish
18:09:06 21.10.2022 [sim_link:1] The function is executed with the result: 1
18:09:06 21.10.2022 [sim_link:1] Modem processed, left: 4
18:09:06 21.10.2022 [sim_link:1] The time limit is reached!
18:09:06 21.10.2022 [TASK:1] Deleting the action #2
18:09:06 21.10.2022 [TASK] Finish
18:09:06 21.10.2022 [CRON] Start
18:09:06 21.10.2022 [CRON] Finish
18:09:11 21.10.2022 [CRON] Start
18:09:11 21.10.2022 [CRON] Finish
18:09:16 21.10.2022 [CRON] Start
18:09:16 21.10.2022 [CRON] Finish
18:09:21 21.10.2022 [CRON] Start
18:09:21 21.10.2022 [CRON] Finish
18:09:26 21.10.2022 [CRON] Start
18:09:26 21.10.2022 [CRON] Finish
18:09:31 21.10.2022 [CRON] Start
18:09:31 21.10.2022 [CRON] Finish
18:09:36 21.10.2022 [CRON] Start
18:09:36 21.10.2022 [CRON] Finish
18:09:41 21.10.2022 [CRON] Start
18:09:41 21.10.2022 [CRON] Finish
18:09:46 21.10.2022 [CRON] Start
18:09:46 21.10.2022 [CRON] Finish
18:09:51 21.10.2022 [CRON] Start
18:09:51 21.10.2022 [CRON] Finish
18:09:56 21.10.2022 [CRON] Start
18:09:56 21.10.2022 [CRON] Finish
18:10:01 21.10.2022 [CRON] Start
18:10:01 21.10.2022 [CRON] Finish
18:10:06 21.10.2022 [CRON] Start
18:10:06 21.10.2022 [CRON] Finish
18:10:11 21.10.2022 [CRON] Start
18:10:11 21.10.2022 [CRON] Finish
18:10:16 21.10.2022 [CRON] Start
18:10:16 21.10.2022 [CRON] Finish
18:10:21 21.10.2022 [CRON] Start
18:10:21 21.10.2022 [CRON] Finish
18:10:26 21.10.2022 [CRON] Start
18:10:26 21.10.2022 [CRON] Finish
18:10:31 21.10.2022 [CRON] Start
18:10:31 21.10.2022 [CRON] Finish
18:10:36 21.10.2022 [CRON] Start
18:10:36 21.10.2022 [CRON] Finish
18:10:41 21.10.2022 [CRON] Start
18:10:41 21.10.2022 [CRON] Finish
18:10:46 21.10.2022 [CRON] Start
18:10:46 21.10.2022 [CRON] Finish
18:10:51 21.10.2022 [CRON] Start
18:10:51 21.10.2022 [CRON] Finish
18:10:56 21.10.2022 [CRON] Start
18:10:56 21.10.2022 [CRON] Finish
18:11:02 21.10.2022 [CRON] Start
18:11:02 21.10.2022 [CRON] Finish
18:11:07 21.10.2022 [CRON] Start
18:11:07 21.10.2022 [CRON] Finish
18:11:12 21.10.2022 [CRON] Start
18:11:12 21.10.2022 [CRON] Finish
18:11:17 21.10.2022 [CRON] Start
18:11:17 21.10.2022 [CRON] Finish
18:11:21 21.10.2022 [CRON] Start
18:11:21 21.10.2022 [CRON] Finish
18:11:26 21.10.2022 [CRON] Start
18:11:26 21.10.2022 [CRON] Finish
18:11:32 21.10.2022 [CRON] Start
18:11:32 21.10.2022 [CRON] Finish
18:11:36 21.10.2022 [CRON] Start
18:11:36 21.10.2022 [CRON] Finish
18:11:41 21.10.2022 [CRON] Start
18:11:41 21.10.2022 [CRON] Finish
18:11:46 21.10.2022 [CRON] Start
18:11:46 21.10.2022 [CRON] Finish
18:11:51 21.10.2022 [CRON] Start
18:11:51 21.10.2022 [CRON] Finish
18:11:56 21.10.2022 [CRON] Start
18:11:57 21.10.2022 [CRON] Finish
18:12:01 21.10.2022 [CRON] Start
18:12:01 21.10.2022 [CRON] Finish
18:12:06 21.10.2022 [CRON] Start
18:12:06 21.10.2022 [CRON] Finish
18:12:11 21.10.2022 [CRON] Start
18:12:11 21.10.2022 [CRON] Finish
18:12:16 21.10.2022 [CRON] Start
18:12:16 21.10.2022 [CRON] Finish
18:12:21 21.10.2022 [CRON] Start
18:12:21 21.10.2022 [CRON] Finish
18:12:26 21.10.2022 [CRON] Start
18:12:26 21.10.2022 [CRON] Finish
18:12:31 21.10.2022 [CRON] Start
18:12:31 21.10.2022 [CRON] Finish
18:12:36 21.10.2022 [CRON] Start
18:12:36 21.10.2022 [CRON] Finish
18:12:41 21.10.2022 [CRON] Start
18:12:41 21.10.2022 [CRON] Finish
18:12:46 21.10.2022 [CRON] Start
18:12:46 21.10.2022 [CRON] Finish
18:12:51 21.10.2022 [CRON] Start
18:12:51 21.10.2022 [CRON] Finish
18:12:56 21.10.2022 [CRON] Start
18:12:56 21.10.2022 [CRON] Finish
18:13:01 21.10.2022 [CRON] Start
18:13:01 21.10.2022 [CRON] Finish
18:13:06 21.10.2022 [CRON] Start
18:13:06 21.10.2022 [CRON] Finish
18:13:11 21.10.2022 [CRON] Start
18:13:11 21.10.2022 [CRON] Finish
18:13:16 21.10.2022 [CRON] Start
18:13:16 21.10.2022 [CRON] Finish
18:13:21 21.10.2022 [CRON] Start
18:13:21 21.10.2022 [CRON] Finish
18:13:26 21.10.2022 [CRON] Start
18:13:26 21.10.2022 [CRON] Finish
18:13:31 21.10.2022 [CRON] Start
18:13:31 21.10.2022 [CRON] Finish
18:13:36 21.10.2022 [CRON] Start
18:13:36 21.10.2022 [CRON] Finish
18:13:41 21.10.2022 [CRON] Start
18:13:41 21.10.2022 [CRON] Finish
18:13:46 21.10.2022 [CRON] Start
18:13:46 21.10.2022 [CRON] Finish
18:13:51 21.10.2022 [CRON] Start
18:13:51 21.10.2022 [CRON] Finish
18:13:56 21.10.2022 [CRON] Start
18:13:56 21.10.2022 [CRON] Finish
18:14:01 21.10.2022 [CRON] Start
18:14:01 21.10.2022 [CRON] Finish
18:14:06 21.10.2022 [CRON] Start
18:14:06 21.10.2022 [CRON] Finish
18:14:11 21.10.2022 [CRON] Start
18:14:11 21.10.2022 [CRON] Finish
18:14:16 21.10.2022 [CRON] Start
18:14:16 21.10.2022 [CRON] Finish
18:14:21 21.10.2022 [CRON] Start
18:14:21 21.10.2022 [CRON] Finish
18:14:26 21.10.2022 [CRON] Start
18:14:26 21.10.2022 [CRON] Finish
18:14:31 21.10.2022 [CRON] Start
18:14:31 21.10.2022 [CRON] Finish
18:14:36 21.10.2022 [CRON] Start
18:14:36 21.10.2022 [CRON] Finish
18:14:41 21.10.2022 [CRON] Start
18:14:41 21.10.2022 [CRON] Finish
18:14:46 21.10.2022 [CRON] Start
18:14:46 21.10.2022 [CRON] Finish
18:14:51 21.10.2022 [CRON] Start
18:14:51 21.10.2022 [CRON] Finish
18:14:56 21.10.2022 [CRON] Start
18:14:56 21.10.2022 [CRON] Finish
18:15:01 21.10.2022 [CRON] Start
18:15:01 21.10.2022 [CRON] Finish
18:15:06 21.10.2022 [CRON] Start
18:15:06 21.10.2022 [CRON] Finish
18:15:11 21.10.2022 [CRON] Start
18:15:11 21.10.2022 [CRON] Finish
18:15:16 21.10.2022 [CRON] Start
18:15:16 21.10.2022 [CRON] Finish
18:15:22 21.10.2022 [CRON] Start
18:15:22 21.10.2022 [CRON] Finish
18:15:26 21.10.2022 [CRON] Start
18:15:26 21.10.2022 [CRON] Finish
18:15:32 21.10.2022 [CRON] Start
18:15:32 21.10.2022 [CRON] Finish
18:15:36 21.10.2022 [CRON] Start
18:15:36 21.10.2022 [CRON] Finish
18:15:41 21.10.2022 [CRON] Start
18:15:47 21.10.2022 [CRON] Start
18:15:47 21.10.2022 [CRON] Finish
18:15:51 21.10.2022 [DEVICE:2] Emergency exit!
18:15:52 21.10.2022 [CRON] Start
18:15:57 21.10.2022 [CRON] Start
18:15:57 21.10.2022 [CRON] Finish
18:16:01 21.10.2022 [CRON] Start
18:16:01 21.10.2022 [CRON] Finish
18:16:06 21.10.2022 [CRON] Start
18:16:06 21.10.2022 [CRON] Finish
18:16:11 21.10.2022 [CRON] Start
18:16:11 21.10.2022 [CRON] Finish
18:16:16 21.10.2022 [CRON] Start
18:16:16 21.10.2022 [CRON] Finish
18:16:21 21.10.2022 [CRON] Start
18:16:21 21.10.2022 [CRON] Finish
18:16:22 21.10.2022 [CRON] Finish
18:16:26 21.10.2022 [CRON] Start
18:16:31 21.10.2022 [CRON] Start
18:16:31 21.10.2022 [CRON] Finish
18:16:36 21.10.2022 [CRON] Start
18:16:36 21.10.2022 [CRON] Finish
18:16:41 21.10.2022 [CRON] Start
18:16:41 21.10.2022 [CRON] Finish
18:16:46 21.10.2022 [CRON] Start
18:16:46 21.10.2022 [CRON] Finish
18:16:51 21.10.2022 [CRON] Start
18:16:51 21.10.2022 [CRON] Finish
18:16:56 21.10.2022 [CRON] Finish
18:16:56 21.10.2022 [CRON] Start
18:17:01 21.10.2022 [CRON] Start
18:17:01 21.10.2022 [CRON] Finish
18:17:06 21.10.2022 [CRON] Start
18:17:06 21.10.2022 [CRON] Finish
18:17:11 21.10.2022 [CRON] Start
18:17:11 21.10.2022 [CRON] Finish
18:17:16 21.10.2022 [CRON] Start
18:17:16 21.10.2022 [CRON] Finish
18:17:21 21.10.2022 [CRON] Start
18:17:21 21.10.2022 [CRON] Finish
18:17:26 21.10.2022 [CRON] Finish
18:17:26 21.10.2022 [CRON] Start
18:17:31 21.10.2022 [CRON] Start
18:17:31 21.10.2022 [CRON] Finish
18:17:36 21.10.2022 [CRON] Start
18:17:36 21.10.2022 [CRON] Finish
18:17:41 21.10.2022 [CRON] Start
18:17:41 21.10.2022 [CRON] Finish
18:17:46 21.10.2022 [CRON] Start
18:17:46 21.10.2022 [CRON] Finish
18:17:51 21.10.2022 [CRON] Start
18:17:51 21.10.2022 [CRON] Finish
18:17:56 21.10.2022 [CRON] Finish
18:17:56 21.10.2022 [CRON] Start
18:18:01 21.10.2022 [CRON] Start
18:18:01 21.10.2022 [CRON] Finish
18:18:06 21.10.2022 [CRON] Start
18:18:06 21.10.2022 [CRON] Finish
18:18:11 21.10.2022 [CRON] Start
18:18:11 21.10.2022 [CRON] Finish
18:18:16 21.10.2022 [CRON] Start
18:18:16 21.10.2022 [CRON] Finish
18:18:21 21.10.2022 [CRON] Start
18:18:21 21.10.2022 [CRON] Finish
18:18:26 21.10.2022 [CRON] Finish
18:18:26 21.10.2022 [CRON] Start
18:18:31 21.10.2022 [CRON] Start
18:18:31 21.10.2022 [CRON] Finish
18:18:36 21.10.2022 [CRON] Start
18:18:36 21.10.2022 [CRON] Finish
18:18:41 21.10.2022 [CRON] Start
18:18:41 21.10.2022 [CRON] Finish
18:18:46 21.10.2022 [CRON] Start
18:18:46 21.10.2022 [CRON] Finish
18:18:51 21.10.2022 [CRON] Start
18:18:51 21.10.2022 [CRON] Finish
18:18:56 21.10.2022 [CRON] Finish
18:18:56 21.10.2022 [CRON] Start
18:19:01 21.10.2022 [CRON] Start
18:19:01 21.10.2022 [CRON] Finish
18:19:06 21.10.2022 [CRON] Start
18:19:06 21.10.2022 [CRON] Finish
18:19:11 21.10.2022 [CRON] Start
18:19:11 21.10.2022 [CRON] Finish
18:19:16 21.10.2022 [CRON] Start
18:19:16 21.10.2022 [CRON] Finish
18:19:21 21.10.2022 [CRON] Start
18:19:21 21.10.2022 [CRON] Finish
18:19:26 21.10.2022 [CRON] Finish
18:19:26 21.10.2022 [CRON] Start
18:19:31 21.10.2022 [CRON] Start
18:19:31 21.10.2022 [CRON] Finish
18:19:36 21.10.2022 [CRON] Start
18:19:36 21.10.2022 [CRON] Finish
18:19:41 21.10.2022 [CRON] Start
18:19:41 21.10.2022 [CRON] Finish
18:19:46 21.10.2022 [CRON] Start
18:19:46 21.10.2022 [CRON] Finish
18:19:51 21.10.2022 [CRON] Start
18:19:51 21.10.2022 [CRON] Finish
18:19:56 21.10.2022 [CRON] Start
18:19:56 21.10.2022 [CRON] Finish
18:19:56 21.10.2022 [CRON] Finish
18:20:02 21.10.2022 [CRON] Start
18:20:07 21.10.2022 [CRON] Start
18:20:07 21.10.2022 [CRON] Finish
18:20:12 21.10.2022 [CRON] Start
18:20:12 21.10.2022 [CRON] Finish
18:20:17 21.10.2022 [CRON] Start
18:20:17 21.10.2022 [CRON] Finish
18:20:21 21.10.2022 [CRON] Start
18:20:21 21.10.2022 [CRON] Finish
18:20:27 21.10.2022 [CRON] Start
18:20:27 21.10.2022 [CRON] Finish
18:20:32 21.10.2022 [CRON] Finish
18:20:32 21.10.2022 [CRON] Start
18:20:37 21.10.2022 [CRON] Start
18:20:37 21.10.2022 [CRON] Finish
18:20:42 21.10.2022 [CRON] Start
18:20:42 21.10.2022 [CRON] Finish
18:20:47 21.10.2022 [CRON] Start
18:20:47 21.10.2022 [CRON] Finish
18:20:52 21.10.2022 [CRON] Start
18:20:52 21.10.2022 [CRON] Finish
18:20:57 21.10.2022 [CRON] Start
18:20:57 21.10.2022 [CRON] Finish
18:21:01 21.10.2022 [CRON] Start
18:21:01 21.10.2022 [CRON] Finish
18:21:02 21.10.2022 [CRON] Finish
18:21:06 21.10.2022 [CRON] Start
18:21:11 21.10.2022 [CRON] Start
18:21:11 21.10.2022 [CRON] Finish
18:21:36 21.10.2022 [CRON] Start
18:21:36 21.10.2022 [CRON] Finish
18:21:36 21.10.2022 [CRON] Finish
18:21:41 21.10.2022 [CRON] Start
18:21:41 21.10.2022 [CRON] Finish
18:21:46 21.10.2022 [CRON] Start
18:21:46 21.10.2022 [CRON] Finish
18:21:51 21.10.2022 [CRON] Start
18:21:51 21.10.2022 [CRON] Finish
18:21:56 21.10.2022 [CRON] Start
18:21:56 21.10.2022 [CRON] Finish
18:22:01 21.10.2022 [CRON] Start
18:22:01 21.10.2022 [CRON] Finish
18:22:06 21.10.2022 [CRON] Start
18:22:06 21.10.2022 [CRON] Finish
18:22:11 21.10.2022 [CRON] Start
18:22:11 21.10.2022 [CRON] Finish
18:22:16 21.10.2022 [CRON] Start
18:22:16 21.10.2022 [CRON] Finish
18:22:21 21.10.2022 [CRON] Start
18:22:21 21.10.2022 [CRON] Finish
18:22:26 21.10.2022 [CRON] Start
18:22:31 21.10.2022 [CRON] Start
18:22:31 21.10.2022 [CRON] Finish
18:22:36 21.10.2022 [CRON] Start
18:22:36 21.10.2022 [CRON] Finish
18:22:41 21.10.2022 [CRON] Start
18:22:41 21.10.2022 [CRON] Finish
18:22:46 21.10.2022 [CRON] Start
18:22:46 21.10.2022 [CRON] Finish
18:22:51 21.10.2022 [CRON] Start
18:22:51 21.10.2022 [CRON] Finish
18:22:56 21.10.2022 [CRON] Start
18:22:56 21.10.2022 [CRON] Finish
18:22:56 21.10.2022 [CRON] Finish
18:23:01 21.10.2022 [CRON] Start
18:23:06 21.10.2022 [CRON] Start
18:23:06 21.10.2022 [CRON] Finish
18:23:11 21.10.2022 [CRON] Start
18:23:11 21.10.2022 [CRON] Finish
18:23:16 21.10.2022 [CRON] Start
18:23:16 21.10.2022 [CRON] Finish
18:23:21 21.10.2022 [CRON] Start
18:23:21 21.10.2022 [CRON] Finish
18:23:26 21.10.2022 [CRON] Start
18:23:26 21.10.2022 [CRON] Finish
18:23:31 21.10.2022 [CRON] Start
18:23:31 21.10.2022 [CRON] Finish
18:23:31 21.10.2022 [CRON] Finish
18:23:36 21.10.2022 [CRON] Start
18:23:41 21.10.2022 [CRON] Start
18:23:41 21.10.2022 [CRON] Finish
18:23:46 21.10.2022 [CRON] Start
18:23:46 21.10.2022 [CRON] Finish
18:23:51 21.10.2022 [CRON] Start
18:23:51 21.10.2022 [CRON] Finish
18:23:56 21.10.2022 [CRON] Start
18:23:56 21.10.2022 [CRON] Finish
18:24:02 21.10.2022 [CRON] Start
18:24:02 21.10.2022 [CRON] Finish
18:24:06 21.10.2022 [CRON] Finish
18:24:07 21.10.2022 [CRON] Start
18:24:12 21.10.2022 [CRON] Start
18:24:12 21.10.2022 [CRON] Finish
18:24:17 21.10.2022 [CRON] Start
18:24:17 21.10.2022 [CRON] Finish
18:24:22 21.10.2022 [CRON] Start
18:24:22 21.10.2022 [CRON] Finish
18:24:27 21.10.2022 [CRON] Start
18:24:27 21.10.2022 [CRON] Finish
18:24:32 21.10.2022 [CRON] Start
18:24:32 21.10.2022 [CRON] Finish
18:24:37 21.10.2022 [CRON] Start
18:24:37 21.10.2022 [CRON] Finish
18:24:42 21.10.2022 [CRON] Start
18:24:42 21.10.2022 [CRON] Finish
18:24:47 21.10.2022 [CRON] Start
18:24:47 21.10.2022 [CRON] Finish
18:24:47 21.10.2022 [CRON] Finish
18:24:52 21.10.2022 [CRON] Start
18:24:57 21.10.2022 [CRON] Start
18:24:57 21.10.2022 [CRON] Finish
18:25:01 21.10.2022 [CRON] Start
18:25:01 21.10.2022 [CRON] Finish
18:25:06 21.10.2022 [CRON] Start
18:25:06 21.10.2022 [CRON] Finish
18:25:07 21.10.2022 [DEVICE:1] Emergency exit!
18:25:11 21.10.2022 [CRON] Start
18:25:16 21.10.2022 [CRON] Start
18:25:16 21.10.2022 [CRON] Finish
18:25:21 21.10.2022 [CRON] Start
18:25:21 21.10.2022 [CRON] Finish
18:25:26 21.10.2022 [CRON] Start
18:25:26 21.10.2022 [CRON] Finish
18:25:31 21.10.2022 [CRON] Start
18:25:31 21.10.2022 [CRON] Finish
18:25:36 21.10.2022 [CRON] Start
18:25:36 21.10.2022 [CRON] Finish
18:25:41 21.10.2022 [CRON] Start
18:25:41 21.10.2022 [CRON] Finish
18:25:41 21.10.2022 [CRON] Finish
18:25:46 21.10.2022 [CRON] Start
18:25:51 21.10.2022 [CRON] Start
18:25:51 21.10.2022 [CRON] Finish
18:25:56 21.10.2022 [CRON] Start
18:25:56 21.10.2022 [CRON] Finish
18:26:01 21.10.2022 [CRON] Start
18:26:01 21.10.2022 [CRON] Finish
18:26:06 21.10.2022 [CRON] Start
18:26:06 21.10.2022 [CRON] Finish
18:26:11 21.10.2022 [CRON] Start
18:26:11 21.10.2022 [CRON] Finish
18:26:16 21.10.2022 [CRON] Finish
18:26:16 21.10.2022 [CRON] Start
18:26:21 21.10.2022 [CRON] Start
18:26:21 21.10.2022 [CRON] Finish
18:26:26 21.10.2022 [CRON] Start
18:26:26 21.10.2022 [CRON] Finish
18:26:31 21.10.2022 [CRON] Start
18:26:31 21.10.2022 [CRON] Finish
18:26:36 21.10.2022 [CRON] Start
18:26:36 21.10.2022 [CRON] Finish
18:26:41 21.10.2022 [CRON] Start
18:26:41 21.10.2022 [TASK] Start > DEV:1
18:26:41 21.10.2022 [TASK:1] Start action #1 (1666365961)
18:26:46 21.10.2022 [CRON] Start
18:26:46 21.10.2022 [CRON] Finish
18:26:46 21.10.2022 [CRON] Finish
18:26:51 21.10.2022 [CRON] Start
18:26:56 21.10.2022 [CRON] Start
18:26:56 21.10.2022 [CRON] Finish
18:27:01 21.10.2022 [CRON] Start
18:27:01 21.10.2022 [CRON] Finish
18:27:06 21.10.2022 [CRON] Start
18:27:06 21.10.2022 [CRON] Finish
18:27:11 21.10.2022 [TASK:1] Action [1]: dev_init - The device does not respond!
18:27:11 21.10.2022 [TASK:1] Start action #1 (1666365961)
18:27:11 21.10.2022 [CRON] Start
18:27:11 21.10.2022 [CRON] Finish
18:27:16 21.10.2022 [CRON] Start
18:27:16 21.10.2022 [CRON] Finish
18:27:21 21.10.2022 [CRON] Finish
18:27:21 21.10.2022 [CRON] Start
18:27:27 21.10.2022 [CRON] Start
18:27:27 21.10.2022 [CRON] Finish
18:27:32 21.10.2022 [CRON] Start
18:27:32 21.10.2022 [CRON] Finish
18:27:37 21.10.2022 [CRON] Start
18:27:37 21.10.2022 [CRON] Finish
18:27:41 21.10.2022 [TASK:1] Action [1]: dev_init - The device does not respond!
18:27:41 21.10.2022 [TASK:1] Start action #1 (1666365961)
18:27:42 21.10.2022 [CRON] Start
18:27:42 21.10.2022 [CRON] Finish
18:27:47 21.10.2022 [CRON] Start
18:27:47 21.10.2022 [CRON] Finish
18:27:51 21.10.2022 [CRON] Finish
18:27:52 21.10.2022 [CRON] Start
18:27:57 21.10.2022 [CRON] Start
18:27:57 21.10.2022 [CRON] Finish
18:28:01 21.10.2022 [CRON] Start
18:28:01 21.10.2022 [CRON] Finish
18:28:06 21.10.2022 [CRON] Start
18:28:06 21.10.2022 [CRON] Finish
18:28:11 21.10.2022 [CRON] Start
18:28:11 21.10.2022 [CRON] Finish
18:28:11 21.10.2022 [TASK:1] Action [1]: dev_init - The device does not respond!
18:28:11 21.10.2022 [TASK:1] Start action #1 (1666365961)
18:28:16 21.10.2022 [CRON] Start
18:28:16 21.10.2022 [CRON] Finish
18:28:21 21.10.2022 [CRON] Start
18:28:21 21.10.2022 [CRON] Finish
18:28:22 21.10.2022 [CRON] Finish
18:28:26 21.10.2022 [CRON] Start
18:28:31 21.10.2022 [CRON] Start
18:28:31 21.10.2022 [CRON] Finish
18:28:36 21.10.2022 [CRON] Start
18:28:36 21.10.2022 [CRON] Finish
18:28:41 21.10.2022 [CRON] Start
18:28:41 21.10.2022 [CRON] Finish
18:28:41 21.10.2022 [TASK:1] Action [1]: dev_init - The device does not respond!
18:28:41 21.10.2022 [TASK:1] Start action #1 (1666365961)
18:28:46 21.10.2022 [CRON] Start
18:28:46 21.10.2022 [CRON] Finish
18:28:51 21.10.2022 [CRON] Start
18:28:51 21.10.2022 [CRON] Finish
18:28:56 21.10.2022 [CRON] Start
18:28:56 21.10.2022 [CRON] Finish
18:28:56 21.10.2022 [CRON] Finish
18:29:01 21.10.2022 [CRON] Start
18:29:06 21.10.2022 [CRON] Start
18:29:06 21.10.2022 [CRON] Finish
18:29:11 21.10.2022 [CRON] Start
18:29:11 21.10.2022 [CRON] Finish
18:29:11 21.10.2022 [TASK:1] Action [1]: dev_init - The device does not respond!
18:29:11 21.10.2022 [TASK:1] Start action #1 (1666365961)
18:29:16 21.10.2022 [CRON] Start
18:29:16 21.10.2022 [CRON] Finish
18:29:21 21.10.2022 [CRON] Start
18:29:21 21.10.2022 [CRON] Finish
18:29:26 21.10.2022 [CRON] Start
18:29:26 21.10.2022 [CRON] Finish
18:29:31 21.10.2022 [CRON] Start
18:29:31 21.10.2022 [CRON] Finish
18:29:31 21.10.2022 [CRON] Finish
18:29:36 21.10.2022 [CRON] Start
18:29:41 21.10.2022 [CRON] Start
18:29:41 21.10.2022 [CRON] Finish
18:29:41 21.10.2022 [TASK:1] Action [1]: dev_init - The device does not respond!
18:29:41 21.10.2022 [TASK:1] Start action #1 (1666365961)
18:29:46 21.10.2022 [CRON] Start
18:29:46 21.10.2022 [CRON] Finish
18:29:51 21.10.2022 [CRON] Start
18:29:51 21.10.2022 [CRON] Finish
18:29:56 21.10.2022 [CRON] Start
18:29:56 21.10.2022 [CRON] Finish
18:30:01 21.10.2022 [CRON] Start
18:30:01 21.10.2022 [CRON] Finish
18:30:06 21.10.2022 [CRON] Finish
18:30:06 21.10.2022 [CRON] Start
18:30:11 21.10.2022 [CRON] Start
18:30:11 21.10.2022 [CRON] Finish
18:30:11 21.10.2022 [TASK:1] Action [1]: dev_init - The device does not respond!
18:30:11 21.10.2022 [TASK:1] Start action #1 (1666365961)
18:30:16 21.10.2022 [CRON] Start
18:30:16 21.10.2022 [CRON] Finish
18:30:21 21.10.2022 [CRON] Start
18:30:21 21.10.2022 [CRON] Finish
18:30:26 21.10.2022 [CRON] Start
18:30:26 21.10.2022 [CRON] Finish
18:30:31 21.10.2022 [CRON] Start
18:30:31 21.10.2022 [CRON] Finish
18:30:36 21.10.2022 [CRON] Start
18:30:36 21.10.2022 [CRON] Finish
18:30:36 21.10.2022 [CRON] Finish
18:30:41 21.10.2022 [CRON] Start
18:30:41 21.10.2022 [TASK:1] Action [1]: dev_init - The device does not respond!
18:30:41 21.10.2022 [TASK:1] Start action #1 (1666365961)
18:30:46 21.10.2022 [CRON] Start
18:30:46 21.10.2022 [CRON] Finish
